<?xml version="1.0" encoding="UTF-8"?>
<!-- Generated by org.testng.reporters.JUnitReportReporter -->
<testsuite hostname="INLT30170" failures="0" tests="1" name="testPages.WebTableTest" time="0.000" errors="0" timestamp="2021-03-01T11:02:45 IST" skipped="1">
  <testcase classname="testPages.WebTableTest" name="printWebTable" time="0.000">
    <skipped/>
  </testcase> <!-- printWebTable -->
  <system-out/>
</testsuite> <!-- testPages.WebTableTest -->
