<?xml version="1.0" encoding="UTF-8"?>
<!-- Generated by org.testng.reporters.JUnitReportReporter -->
<testsuite hostname="INLT30170" failures="0" tests="2" name="testPages.DemoLoginTest" time="12.398" errors="0" timestamp="2021-03-15T16:46:12 IST" skipped="0">
  <testcase classname="testPages.DemoLoginTest" name="validateLogin" time="6.033"/>
  <system-out/>
  <testcase classname="testPages.DemoLoginTest" name="loginMethod" time="6.365"/>
  <system-out/>
</testsuite> <!-- testPages.DemoLoginTest -->
