<?xml version="1.0" encoding="UTF-8"?>
<!-- Generated by org.testng.reporters.JUnitReportReporter -->
<testsuite hostname="INLT30170" failures="0" tests="2" name="testPages.HomePageTests" time="0.000" errors="0" timestamp="2021-03-01T11:02:45 IST" skipped="2">
  <testcase classname="testPages.HomePageTests" name="verifyHomePageElements" time="0.000">
    <skipped/>
  </testcase> <!-- verifyHomePageElements -->
  <system-out/>
  <testcase classname="testPages.HomePageTests" name="validateLoginpagefunction" time="0.000">
    <skipped/>
  </testcase> <!-- validateLoginpagefunction -->
  <system-out/>
</testsuite> <!-- testPages.HomePageTests -->
